Job launching after 0.09 seconds in submission.
Running python job.
Changed into dir /home/ubuntu/mnist
Importing fully_connected_feed.py
Running fully_connected_feed.main()
I tensorflow/core/common_runtime/local_device.cc:25] Local device intra op parallelism threads: 8
I tensorflow/stream_executor/cuda/cuda_gpu_executor.cc:888] successful NUMA node read from SysFS had negative value (-1), but there must be at least one NUMA node, so returning NUMA node zero
I tensorflow/core/common_runtime/gpu/gpu_init.cc:88] Found device 0 with properties: 
name: GRID K520
major: 3 minor: 0 memoryClockRate (GHz) 0.797
pciBusID 0000:00:03.0
Total memory: 4.00GiB
Free memory: 3.95GiB
I tensorflow/core/common_runtime/gpu/gpu_init.cc:112] DMA: 0 
I tensorflow/core/common_runtime/gpu/gpu_init.cc:122] 0:   Y 
I tensorflow/core/common_runtime/gpu/gpu_device.cc:644] Creating TensorFlow device (/gpu:0) -> (device: 0, name: GRID K520, pci bus id: 0000:00:03.0)
I tensorflow/core/common_runtime/gpu/gpu_region_allocator.cc:47] Setting region size to 3927400448
I tensorflow/core/common_runtime/direct_session.cc:45] Direct session inter op parallelism threads: 8
Extracting data/train-images-idx3-ubyte.gz
Extracting data/train-labels-idx1-ubyte.gz
Extracting data/t10k-images-idx3-ubyte.gz
Extracting data/t10k-labels-idx1-ubyte.gz
Step 0: loss = 2.43 (0.194 sec)
Step 100: loss = 0.45 (0.014 sec)
Step 200: loss = 0.20 (0.013 sec)
Step 300: loss = 0.15 (0.013 sec)
Step 400: loss = 0.18 (0.013 sec)
Step 500: loss = 0.22 (0.077 sec)
Step 600: loss = 0.19 (0.015 sec)
Step 700: loss = 0.09 (0.014 sec)
Step 800: loss = 0.13 (0.014 sec)
Step 900: loss = 0.25 (0.014 sec)
training Data Eval:
Test Data Eval:
  Num examples: 10000  Num correct: 9607  Precision @ 1: 0.9607
Step 1000: loss = 0.25 (0.077 sec)
Step 1100: loss = 0.17 (0.014 sec)
Step 1200: loss = 0.34 (0.014 sec)
Step 1300: loss = 0.08 (0.014 sec)
Step 1400: loss = 0.43 (0.015 sec)
Step 1500: loss = 0.26 (0.077 sec)
Step 1600: loss = 0.13 (0.015 sec)
Step 1700: loss = 0.37 (0.014 sec)
Step 1800: loss = 0.50 (0.014 sec)
Step 1900: loss = 0.42 (0.015 sec)
training Data Eval:
Test Data Eval:
  Num examples: 10000  Num correct: 9665  Precision @ 1: 0.9665
Step 2000: loss = 0.24 (0.077 sec)
Step 2100: loss = 0.16 (0.014 sec)
Step 2200: loss = 0.14 (0.014 sec)
Step 2300: loss = 0.18 (0.015 sec)
Step 2400: loss = 0.22 (0.014 sec)
Step 2500: loss = 0.20 (0.077 sec)
Step 2600: loss = 0.11 (0.014 sec)
Step 2700: loss = 0.05 (0.015 sec)
Step 2800: loss = 0.60 (0.014 sec)
Step 2900: loss = 0.09 (0.014 sec)
training Data Eval:
Test Data Eval:
  Num examples: 10000  Num correct: 9661  Precision @ 1: 0.9661
Step 3000: loss = 0.10 (0.076 sec)
Step 3100: loss = 0.19 (0.014 sec)
Step 3200: loss = 0.24 (0.014 sec)
Step 3300: loss = 0.23 (0.013 sec)
Step 3400: loss = 0.45 (0.015 sec)
Step 3500: loss = 0.20 (0.072 sec)
Step 3600: loss = 0.42 (0.014 sec)
Step 3700: loss = 0.20 (0.014 sec)
Step 3800: loss = 0.19 (0.014 sec)
Step 3900: loss = 0.15 (0.013 sec)
training Data Eval:
Test Data Eval:
  Num examples: 10000  Num correct: 9718  Precision @ 1: 0.9718
Step 4000: loss = 0.29 (0.076 sec)
Step 4100: loss = 0.12 (0.013 sec)
Step 4200: loss = 0.21 (0.015 sec)
Step 4300: loss = 0.35 (0.014 sec)
Step 4400: loss = 0.63 (0.014 sec)
Step 4500: loss = 0.27 (0.077 sec)
Step 4600: loss = 0.53 (0.014 sec)
Step 4700: loss = 0.12 (0.015 sec)
Step 4800: loss = 0.16 (0.014 sec)
Step 4900: loss = 0.26 (0.014 sec)
training Data Eval:
Test Data Eval:
  Num examples: 10000  Num correct: 9726  Precision @ 1: 0.9726
Step 5000: loss = 0.26 (0.077 sec)
Step 5100: loss = 0.17 (0.014 sec)
Step 5200: loss = 0.06 (0.014 sec)
Step 5300: loss = 0.05 (0.015 sec)
Step 5400: loss = 0.34 (0.014 sec)
Step 5500: loss = 0.20 (0.076 sec)
Step 5600: loss = 0.03 (0.015 sec)
Step 5700: loss = 0.01 (0.015 sec)
Step 5800: loss = 0.20 (0.014 sec)
Step 5900: loss = 0.19 (0.015 sec)
training Data Eval:
Test Data Eval:
  Num examples: 10000  Num correct: 9746  Precision @ 1: 0.9746
Step 6000: loss = 0.16 (0.077 sec)
Step 6100: loss = 0.38 (0.015 sec)
Step 6200: loss = 0.29 (0.014 sec)
Step 6300: loss = 0.13 (0.014 sec)
Step 6400: loss = 0.22 (0.014 sec)
Step 6500: loss = 0.72 (0.077 sec)
Step 6600: loss = 0.17 (0.014 sec)
Step 6700: loss = 0.13 (0.013 sec)
Step 6800: loss = 0.11 (0.014 sec)
Step 6900: loss = 0.43 (0.014 sec)
training Data Eval:
Test Data Eval:
  Num examples: 10000  Num correct: 9716  Precision @ 1: 0.9716
Step 7000: loss = 0.16 (0.077 sec)
Step 7100: loss = 0.20 (0.014 sec)
Step 7200: loss = 0.05 (0.014 sec)
Step 7300: loss = 0.26 (0.014 sec)
Step 7400: loss = 0.19 (0.014 sec)
Step 7500: loss = 0.10 (0.076 sec)
Step 7600: loss = 0.25 (0.014 sec)
Step 7700: loss = 0.53 (0.013 sec)
Step 7800: loss = 0.22 (0.014 sec)
Step 7900: loss = 0.15 (0.014 sec)
training Data Eval:
Test Data Eval:
  Num examples: 10000  Num correct: 9716  Precision @ 1: 0.9716
Step 8000: loss = 0.25 (0.076 sec)
Step 8100: loss = 0.02 (0.015 sec)
Step 8200: loss = 0.39 (0.014 sec)
Step 8300: loss = 0.07 (0.015 sec)
Step 8400: loss = 0.03 (0.014 sec)
Step 8500: loss = 0.11 (0.077 sec)
Step 8600: loss = 0.17 (0.014 sec)
Step 8700: loss = 0.44 (0.013 sec)
Step 8800: loss = 0.05 (0.014 sec)
Step 8900: loss = 0.13 (0.014 sec)
training Data Eval:
Test Data Eval:
  Num examples: 10000  Num correct: 9782  Precision @ 1: 0.9782
Step 9000: loss = 0.14 (0.070 sec)
Step 9100: loss = 0.17 (0.014 sec)
Step 9200: loss = 0.03 (0.014 sec)
Step 9300: loss = 0.21 (0.015 sec)
Step 9400: loss = 0.09 (0.014 sec)
Step 9500: loss = 0.16 (0.076 sec)
Step 9600: loss = 0.05 (0.014 sec)
Step 9700: loss = 0.09 (0.015 sec)
Step 9800: loss = 0.05 (0.014 sec)
Step 9900: loss = 0.08 (0.014 sec)
training Data Eval:
Test Data Eval:
  Num examples: 10000  Num correct: 9737  Precision @ 1: 0.9737
Step 10000: loss = 0.03 (0.076 sec)
Step 10100: loss = 0.05 (0.014 sec)
Step 10200: loss = 0.23 (0.014 sec)
Step 10300: loss = 0.25 (0.015 sec)
Step 10400: loss = 0.10 (0.015 sec)
Step 10500: loss = 0.07 (0.078 sec)
Step 10600: loss = 0.14 (0.014 sec)
Step 10700: loss = 0.01 (0.015 sec)
Step 10800: loss = 0.15 (0.014 sec)
Step 10900: loss = 0.13 (0.014 sec)
training Data Eval:
Test Data Eval:
  Num examples: 10000  Num correct: 9752  Precision @ 1: 0.9752
Step 11000: loss = 0.31 (0.079 sec)
Step 11100: loss = 0.56 (0.014 sec)
Step 11200: loss = 0.07 (0.015 sec)
Step 11300: loss = 0.34 (0.014 sec)
Step 11400: loss = 0.47 (0.014 sec)
Step 11500: loss = 0.08 (0.075 sec)
Step 11600: loss = 0.38 (0.015 sec)
Step 11700: loss = 0.39 (0.014 sec)
Step 11800: loss = 0.14 (0.015 sec)
Step 11900: loss = 0.14 (0.015 sec)
training Data Eval:
Test Data Eval:
  Num examples: 10000  Num correct: 9787  Precision @ 1: 0.9787
Step 12000: loss = 0.07 (0.077 sec)
Step 12100: loss = 0.12 (0.014 sec)
Step 12200: loss = 0.23 (0.014 sec)
Step 12300: loss = 0.16 (0.015 sec)
Step 12400: loss = 0.05 (0.013 sec)
Step 12500: loss = 0.24 (0.076 sec)
Step 12600: loss = 0.10 (0.014 sec)
Step 12700: loss = 0.05 (0.014 sec)
Step 12800: loss = 0.54 (0.015 sec)
Step 12900: loss = 0.22 (0.015 sec)
training Data Eval:
Test Data Eval:
  Num examples: 10000  Num correct: 9762  Precision @ 1: 0.9762
Step 13000: loss = 0.04 (0.075 sec)
Step 13100: loss = 0.28 (0.013 sec)
Step 13200: loss = 0.12 (0.015 sec)
Step 13300: loss = 0.10 (0.014 sec)
Step 13400: loss = 0.05 (0.014 sec)
Step 13500: loss = 0.06 (0.075 sec)
Step 13600: loss = 0.26 (0.015 sec)
Step 13700: loss = 0.35 (0.014 sec)
Step 13800: loss = 0.45 (0.014 sec)
Step 13900: loss = 0.00 (0.014 sec)
training Data Eval:
Test Data Eval:
  Num examples: 10000  Num correct: 9759  Precision @ 1: 0.9759
Step 14000: loss = 0.12 (0.076 sec)
Step 14100: loss = 0.14 (0.015 sec)
Step 14200: loss = 0.49 (0.014 sec)
Step 14300: loss = 0.07 (0.015 sec)
Step 14400: loss = 0.09 (0.015 sec)
Step 14500: loss = 0.12 (0.075 sec)
Step 14600: loss = 0.31 (0.015 sec)
Step 14700: loss = 0.45 (0.015 sec)
Step 14800: loss = 0.17 (0.014 sec)
Step 14900: loss = 0.01 (0.014 sec)
training Data Eval:
Test Data Eval:
  Num examples: 10000  Num correct: 9762  Precision @ 1: 0.9762
Step 15000: loss = 0.05 (0.075 sec)
Step 15100: loss = 0.18 (0.014 sec)
Step 15200: loss = 0.45 (0.015 sec)
Step 15300: loss = 0.21 (0.014 sec)
Step 15400: loss = 0.14 (0.015 sec)
Step 15500: loss = 0.24 (0.074 sec)
Step 15600: loss = 0.13 (0.015 sec)
Step 15700: loss = 0.05 (0.015 sec)
Step 15800: loss = 0.01 (0.015 sec)
Step 15900: loss = 0.14 (0.014 sec)
training Data Eval:
Test Data Eval:
  Num examples: 10000  Num correct: 9772  Precision @ 1: 0.9772
Step 16000: loss = 0.40 (0.075 sec)
Step 16100: loss = 0.42 (0.014 sec)
Step 16200: loss = 0.02 (0.015 sec)
Step 16300: loss = 0.17 (0.015 sec)
Step 16400: loss = 0.44 (0.014 sec)
Step 16500: loss = 0.25 (0.075 sec)
Step 16600: loss = 0.10 (0.014 sec)
Step 16700: loss = 0.13 (0.014 sec)
Step 16800: loss = 0.31 (0.014 sec)
Step 16900: loss = 0.05 (0.014 sec)
training Data Eval:
Test Data Eval:
  Num examples: 10000  Num correct: 9789  Precision @ 1: 0.9789
Step 17000: loss = 0.22 (0.076 sec)
Step 17100: loss = 0.01 (0.013 sec)
Step 17200: loss = 0.07 (0.013 sec)
Step 17300: loss = 0.16 (0.014 sec)
Step 17400: loss = 0.02 (0.014 sec)
Step 17500: loss = 0.04 (0.074 sec)
Step 17600: loss = 1.37 (0.015 sec)
Step 17700: loss = 0.03 (0.015 sec)
Step 17800: loss = 0.07 (0.014 sec)
Step 17900: loss = 0.10 (0.014 sec)
training Data Eval:
Test Data Eval:
  Num examples: 10000  Num correct: 9769  Precision @ 1: 0.9769
Step 18000: loss = 0.53 (0.076 sec)
Step 18100: loss = 0.02 (0.014 sec)
Step 18200: loss = 0.09 (0.014 sec)
Step 18300: loss = 0.03 (0.015 sec)
Step 18400: loss = 0.04 (0.014 sec)
Step 18500: loss = 0.03 (0.075 sec)
Step 18600: loss = 0.12 (0.013 sec)
Step 18700: loss = 0.32 (0.015 sec)
Step 18800: loss = 0.24 (0.014 sec)
Step 18900: loss = 0.08 (0.014 sec)
training Data Eval:
Test Data Eval:
  Num examples: 10000  Num correct: 9780  Precision @ 1: 0.9780
Step 19000: loss = 0.08 (0.076 sec)
Step 19100: loss = 0.08 (0.015 sec)
Step 19200: loss = 0.00 (0.014 sec)
Step 19300: loss = 0.01 (0.014 sec)
Step 19400: loss = 0.30 (0.015 sec)
Step 19500: loss = 0.16 (0.076 sec)
Step 19600: loss = 0.12 (0.014 sec)
Step 19700: loss = 0.11 (0.015 sec)
Step 19800: loss = 0.06 (0.013 sec)
Step 19900: loss = 0.14 (0.015 sec)
training Data Eval:
Test Data Eval:
  Num examples: 10000  Num correct: 9767  Precision @ 1: 0.9767
Step 20000: loss = 0.07 (0.069 sec)
Step 20100: loss = 0.03 (0.014 sec)
Step 20200: loss = 0.01 (0.014 sec)
Step 20300: loss = 0.12 (0.014 sec)
Step 20400: loss = 0.56 (0.014 sec)
Step 20500: loss = 0.22 (0.076 sec)
Step 20600: loss = 0.11 (0.015 sec)
Step 20700: loss = 0.20 (0.014 sec)
Step 20800: loss = 0.35 (0.013 sec)
Step 20900: loss = 0.08 (0.015 sec)
training Data Eval:
Test Data Eval:
  Num examples: 10000  Num correct: 9771  Precision @ 1: 0.9771
Step 21000: loss = 0.08 (0.077 sec)
Step 21100: loss = 0.14 (0.014 sec)
Step 21200: loss = 0.04 (0.014 sec)
Step 21300: loss = 0.03 (0.014 sec)
Step 21400: loss = 0.01 (0.015 sec)
Step 21500: loss = 0.01 (0.075 sec)
Step 21600: loss = 0.06 (0.014 sec)
Step 21700: loss = 0.32 (0.014 sec)
Step 21800: loss = 0.31 (0.014 sec)
Step 21900: loss = 0.48 (0.015 sec)
training Data Eval:
Test Data Eval:
  Num examples: 10000  Num correct: 9776  Precision @ 1: 0.9776
Step 22000: loss = 0.39 (0.074 sec)
Step 22100: loss = 0.18 (0.015 sec)
Step 22200: loss = 0.06 (0.014 sec)
Step 22300: loss = 0.05 (0.015 sec)
Step 22400: loss = 0.13 (0.015 sec)
Step 22500: loss = 0.10 (0.076 sec)
Step 22600: loss = 0.27 (0.014 sec)
Step 22700: loss = 0.09 (0.014 sec)
Step 22800: loss = 0.79 (0.013 sec)
Step 22900: loss = 0.11 (0.014 sec)
training Data Eval:
Test Data Eval:
  Num examples: 10000  Num correct: 9784  Precision @ 1: 0.9784
Step 23000: loss = 0.04 (0.075 sec)
Step 23100: loss = 0.12 (0.014 sec)
Step 23200: loss = 0.09 (0.014 sec)
Step 23300: loss = 0.31 (0.015 sec)
Step 23400: loss = 0.13 (0.013 sec)
Step 23500: loss = 0.31 (0.076 sec)
Step 23600: loss = 0.13 (0.015 sec)
Step 23700: loss = 0.89 (0.014 sec)
Step 23800: loss = 0.04 (0.014 sec)
Step 23900: loss = 0.12 (0.015 sec)
training Data Eval:
Test Data Eval:
  Num examples: 10000  Num correct: 9773  Precision @ 1: 0.9773
Step 24000: loss = 0.03 (0.076 sec)
Step 24100: loss = 0.07 (0.014 sec)
Step 24200: loss = 0.60 (0.014 sec)
Step 24300: loss = 0.03 (0.015 sec)
Step 24400: loss = 0.24 (0.014 sec)
Step 24500: loss = 0.19 (0.077 sec)
Step 24600: loss = 0.04 (0.014 sec)
Step 24700: loss = 0.19 (0.015 sec)
Step 24800: loss = 0.05 (0.015 sec)
Step 24900: loss = 0.07 (0.015 sec)
training Data Eval:
Test Data Eval:
  Num examples: 10000  Num correct: 9773  Precision @ 1: 0.9773
Step 25000: loss = 0.03 (0.076 sec)
Step 25100: loss = 0.05 (0.015 sec)
Step 25200: loss = 0.29 (0.014 sec)
Step 25300: loss = 0.49 (0.014 sec)
Step 25400: loss = 0.39 (0.015 sec)
Step 25500: loss = 0.02 (0.075 sec)
Step 25600: loss = 0.08 (0.014 sec)
Step 25700: loss = 0.60 (0.014 sec)
Step 25800: loss = 0.17 (0.014 sec)
Step 25900: loss = 0.03 (0.015 sec)
training Data Eval:
Test Data Eval:
  Num examples: 10000  Num correct: 9757  Precision @ 1: 0.9757
Step 26000: loss = 0.11 (0.076 sec)
Step 26100: loss = 0.01 (0.015 sec)
Step 26200: loss = 0.15 (0.015 sec)
Step 26300: loss = 0.43 (0.014 sec)
Step 26400: loss = 0.09 (0.014 sec)
Step 26500: loss = 0.07 (0.075 sec)
Step 26600: loss = 0.23 (0.015 sec)
Step 26700: loss = 0.01 (0.015 sec)
Step 26800: loss = 0.11 (0.014 sec)
Step 26900: loss = 0.19 (0.014 sec)
training Data Eval:
Test Data Eval:
  Num examples: 10000  Num correct: 9742  Precision @ 1: 0.9742
Step 27000: loss = 0.01 (0.076 sec)
Step 27100: loss = 0.02 (0.014 sec)
Step 27200: loss = 0.71 (0.014 sec)
Step 27300: loss = 0.16 (0.014 sec)
Step 27400: loss = 0.04 (0.015 sec)
Step 27500: loss = 0.08 (0.076 sec)
Step 27600: loss = 0.16 (0.014 sec)
Step 27700: loss = 0.15 (0.014 sec)
Step 27800: loss = 0.05 (0.014 sec)
Step 27900: loss = 0.10 (0.015 sec)
training Data Eval:
Test Data Eval:
  Num examples: 10000  Num correct: 9776  Precision @ 1: 0.9776
Step 28000: loss = 0.03 (0.076 sec)
Step 28100: loss = 0.10 (0.014 sec)
Step 28200: loss = 0.30 (0.014 sec)
Step 28300: loss = 0.14 (0.014 sec)
Step 28400: loss = 0.23 (0.014 sec)
Step 28500: loss = 0.06 (0.076 sec)
Step 28600: loss = 0.06 (0.014 sec)
Step 28700: loss = 0.05 (0.014 sec)
Step 28800: loss = 0.11 (0.015 sec)
Step 28900: loss = 0.06 (0.013 sec)
training Data Eval:
Test Data Eval:
  Num examples: 10000  Num correct: 9770  Precision @ 1: 0.9770
Step 29000: loss = 0.24 (0.077 sec)
Step 29100: loss = 0.09 (0.014 sec)
Step 29200: loss = 0.41 (0.015 sec)
Step 29300: loss = 0.92 (0.014 sec)
Step 29400: loss = 0.04 (0.014 sec)
Step 29500: loss = 0.23 (0.075 sec)
Step 29600: loss = 0.09 (0.014 sec)
Step 29700: loss = 0.13 (0.014 sec)
Step 29800: loss = 0.03 (0.014 sec)
Step 29900: loss = 0.07 (0.014 sec)
training Data Eval:
Test Data Eval:
  Num examples: 10000  Num correct: 9784  Precision @ 1: 0.9784
Step 30000: loss = 0.02 (0.076 sec)
Step 30100: loss = 0.35 (0.014 sec)
Step 30200: loss = 0.21 (0.014 sec)
Step 30300: loss = 0.09 (0.014 sec)
Step 30400: loss = 0.03 (0.014 sec)
Step 30500: loss = 0.12 (0.077 sec)
Step 30600: loss = 0.04 (0.014 sec)
Step 30700: loss = 0.04 (0.013 sec)
Step 30800: loss = 0.06 (0.015 sec)
Step 30900: loss = 0.04 (0.014 sec)
training Data Eval:
Test Data Eval:
  Num examples: 10000  Num correct: 9800  Precision @ 1: 0.9800
Step 31000: loss = 0.11 (0.075 sec)
Step 31100: loss = 0.02 (0.014 sec)
Step 31200: loss = 0.13 (0.014 sec)
Step 31300: loss = 0.15 (0.015 sec)
Step 31400: loss = 0.54 (0.015 sec)
Step 31500: loss = 0.14 (0.075 sec)
Step 31600: loss = 0.74 (0.014 sec)
Step 31700: loss = 0.28 (0.014 sec)
Step 31800: loss = 0.05 (0.013 sec)
Step 31900: loss = 0.40 (0.014 sec)
training Data Eval:
Test Data Eval:
  Num examples: 10000  Num correct: 9790  Precision @ 1: 0.9790
Step 32000: loss = 0.02 (0.076 sec)
Step 32100: loss = 0.02 (0.014 sec)
Step 32200: loss = 0.03 (0.015 sec)
Step 32300: loss = 0.03 (0.014 sec)
Step 32400: loss = 0.03 (0.014 sec)
Step 32500: loss = 0.05 (0.076 sec)
Step 32600: loss = 0.07 (0.015 sec)
Step 32700: loss = 0.03 (0.014 sec)
Step 32800: loss = 0.04 (0.015 sec)
Step 32900: loss = 0.65 (0.014 sec)
training Data Eval:
Test Data Eval:
  Num examples: 10000  Num correct: 9787  Precision @ 1: 0.9787
Step 33000: loss = 0.09 (0.076 sec)
Step 33100: loss = 0.11 (0.014 sec)
Step 33200: loss = 0.13 (0.014 sec)
Step 33300: loss = 0.17 (0.014 sec)
Step 33400: loss = 0.28 (0.015 sec)
Step 33500: loss = 0.04 (0.075 sec)
Step 33600: loss = 0.10 (0.014 sec)
Step 33700: loss = 0.11 (0.014 sec)
Step 33800: loss = 0.05 (0.014 sec)
Step 33900: loss = 0.13 (0.014 sec)
training Data Eval:
Test Data Eval:
  Num examples: 10000  Num correct: 9773  Precision @ 1: 0.9773
Step 34000: loss = 0.79 (0.076 sec)
Step 34100: loss = 0.10 (0.014 sec)
Step 34200: loss = 0.14 (0.014 sec)
Step 34300: loss = 0.05 (0.013 sec)
Step 34400: loss = 0.22 (0.014 sec)
Step 34500: loss = 0.14 (0.076 sec)
Step 34600: loss = 0.22 (0.015 sec)
Step 34700: loss = 0.23 (0.014 sec)
Step 34800: loss = 0.01 (0.014 sec)
Step 34900: loss = 0.07 (0.014 sec)
training Data Eval:
Test Data Eval:
  Num examples: 10000  Num correct: 9783  Precision @ 1: 0.9783
Step 35000: loss = 1.40 (0.069 sec)
Step 35100: loss = 0.09 (0.015 sec)
Step 35200: loss = 0.02 (0.014 sec)
Step 35300: loss = 0.24 (0.015 sec)
Step 35400: loss = 0.12 (0.014 sec)
Step 35500: loss = 0.08 (0.075 sec)
Step 35600: loss = 0.17 (0.014 sec)
Step 35700: loss = 0.11 (0.014 sec)
Step 35800: loss = 0.08 (0.015 sec)
Step 35900: loss = 0.15 (0.014 sec)
training Data Eval:
Test Data Eval:
  Num examples: 10000  Num correct: 9785  Precision @ 1: 0.9785
Step 36000: loss = 0.04 (0.073 sec)
Step 36100: loss = 0.09 (0.014 sec)
Step 36200: loss = 0.55 (0.014 sec)
Step 36300: loss = 0.15 (0.014 sec)
Step 36400: loss = 0.09 (0.015 sec)
Step 36500: loss = 0.06 (0.076 sec)
Step 36600: loss = 0.09 (0.015 sec)
Step 36700: loss = 0.17 (0.015 sec)
Step 36800: loss = 0.01 (0.014 sec)
Step 36900: loss = 0.06 (0.014 sec)
training Data Eval:
Test Data Eval:
  Num examples: 10000  Num correct: 9781  Precision @ 1: 0.9781
Step 37000: loss = 0.10 (0.076 sec)
Step 37100: loss = 0.02 (0.015 sec)
Step 37200: loss = 0.02 (0.014 sec)
Step 37300: loss = 0.11 (0.014 sec)
Step 37400: loss = 0.06 (0.014 sec)
Step 37500: loss = 0.03 (0.069 sec)
Step 37600: loss = 0.11 (0.015 sec)
Step 37700: loss = 0.16 (0.014 sec)
Step 37800: loss = 0.09 (0.015 sec)
Step 37900: loss = 0.06 (0.015 sec)
training Data Eval:
Test Data Eval:
  Num examples: 10000  Num correct: 9780  Precision @ 1: 0.9780
Step 38000: loss = 0.01 (0.075 sec)
Step 38100: loss = 0.13 (0.014 sec)
Step 38200: loss = 0.19 (0.014 sec)
Step 38300: loss = 0.15 (0.013 sec)
Step 38400: loss = 0.07 (0.014 sec)
Step 38500: loss = 0.28 (0.076 sec)
Step 38600: loss = 0.52 (0.014 sec)
Step 38700: loss = 0.01 (0.015 sec)
Step 38800: loss = 0.04 (0.014 sec)
Step 38900: loss = 0.01 (0.014 sec)
training Data Eval:
Test Data Eval:
  Num examples: 10000  Num correct: 9779  Precision @ 1: 0.9779
Step 39000: loss = 0.04 (0.075 sec)
Step 39100: loss = 0.07 (0.014 sec)
Step 39200: loss = 0.01 (0.014 sec)
Step 39300: loss = 0.03 (0.015 sec)
Step 39400: loss = 0.00 (0.015 sec)
Step 39500: loss = 0.01 (0.075 sec)
Step 39600: loss = 0.16 (0.014 sec)
Step 39700: loss = 0.05 (0.015 sec)
Step 39800: loss = 0.04 (0.015 sec)
Step 39900: loss = 0.34 (0.015 sec)
training Data Eval:
Test Data Eval:
  Num examples: 10000  Num correct: 9788  Precision @ 1: 0.9788
Step 40000: loss = 0.03 (0.077 sec)
Step 40100: loss = 0.52 (0.014 sec)
Step 40200: loss = 0.02 (0.015 sec)
Step 40300: loss = 0.17 (0.014 sec)
Step 40400: loss = 0.13 (0.015 sec)
Step 40500: loss = 0.08 (0.076 sec)
Step 40600: loss = 0.03 (0.014 sec)
Step 40700: loss = 0.26 (0.015 sec)
Step 40800: loss = 0.53 (0.015 sec)
Step 40900: loss = 0.52 (0.014 sec)
training Data Eval:
Test Data Eval:
  Num examples: 10000  Num correct: 9789  Precision @ 1: 0.9789
Step 41000: loss = 0.02 (0.076 sec)
Step 41100: loss = 0.07 (0.015 sec)
Step 41200: loss = 0.09 (0.015 sec)
Step 41300: loss = 0.04 (0.013 sec)
Step 41400: loss = 0.81 (0.015 sec)
Step 41500: loss = 0.24 (0.075 sec)
Step 41600: loss = 0.10 (0.014 sec)
Step 41700: loss = 0.06 (0.013 sec)
Step 41800: loss = 0.04 (0.015 sec)
Step 41900: loss = 0.93 (0.015 sec)
training Data Eval:
Test Data Eval:
  Num examples: 10000  Num correct: 9797  Precision @ 1: 0.9797
Step 42000: loss = 0.05 (0.076 sec)
Step 42100: loss = 1.23 (0.014 sec)
Step 42200: loss = 0.11 (0.014 sec)
Step 42300: loss = 0.35 (0.016 sec)
Step 42400: loss = 0.13 (0.014 sec)
Step 42500: loss = 0.02 (0.076 sec)
Step 42600: loss = 0.01 (0.014 sec)
Step 42700: loss = 0.20 (0.014 sec)
Step 42800: loss = 0.07 (0.014 sec)
Step 42900: loss = 0.19 (0.014 sec)
training Data Eval:
Test Data Eval:
  Num examples: 10000  Num correct: 9769  Precision @ 1: 0.9769
Step 43000: loss = 0.84 (0.076 sec)
Step 43100: loss = 0.20 (0.014 sec)
Step 43200: loss = 0.10 (0.014 sec)
Step 43300: loss = 0.40 (0.014 sec)
Step 43400: loss = 0.80 (0.013 sec)
Step 43500: loss = 0.06 (0.075 sec)
Step 43600: loss = 0.06 (0.014 sec)
Step 43700: loss = 0.02 (0.014 sec)
Step 43800: loss = 0.21 (0.015 sec)
Step 43900: loss = 0.34 (0.014 sec)
training Data Eval:
Test Data Eval:
  Num examples: 10000  Num correct: 9791  Precision @ 1: 0.9791
Step 44000: loss = 0.57 (0.076 sec)
Step 44100: loss = 0.15 (0.014 sec)
Step 44200: loss = 0.13 (0.015 sec)
Step 44300: loss = 0.27 (0.014 sec)
Step 44400: loss = 0.40 (0.014 sec)
Step 44500: loss = 0.35 (0.069 sec)
Step 44600: loss = 0.38 (0.015 sec)
Step 44700: loss = 0.14 (0.015 sec)
Step 44800: loss = 0.03 (0.015 sec)
Step 44900: loss = 0.03 (0.015 sec)
training Data Eval:
Test Data Eval:
  Num examples: 10000  Num correct: 9766  Precision @ 1: 0.9766
Step 45000: loss = 0.22 (0.077 sec)
Step 45100: loss = 1.00 (0.014 sec)
Step 45200: loss = 0.06 (0.015 sec)
Step 45300: loss = 0.04 (0.014 sec)
Step 45400: loss = 0.82 (0.015 sec)
Step 45500: loss = 0.10 (0.075 sec)
Step 45600: loss = 0.19 (0.014 sec)
Step 45700: loss = 0.15 (0.015 sec)
Step 45800: loss = 0.25 (0.014 sec)
Step 45900: loss = 0.03 (0.014 sec)
training Data Eval:
Test Data Eval:
  Num examples: 10000  Num correct: 9792  Precision @ 1: 0.9792
Step 46000: loss = 0.05 (0.076 sec)
Step 46100: loss = 0.21 (0.014 sec)
Step 46200: loss = 0.17 (0.015 sec)
Step 46300: loss = 0.10 (0.015 sec)
Step 46400: loss = 0.07 (0.014 sec)
Step 46500: loss = 0.06 (0.075 sec)
Step 46600: loss = 0.07 (0.015 sec)
Step 46700: loss = 0.04 (0.014 sec)
Step 46800: loss = 0.02 (0.014 sec)
Step 46900: loss = 0.01 (0.015 sec)
training Data Eval:
Test Data Eval:
  Num examples: 10000  Num correct: 9788  Precision @ 1: 0.9788
Step 47000: loss = 0.03 (0.075 sec)
Step 47100: loss = 0.19 (0.014 sec)
Step 47200: loss = 0.12 (0.014 sec)
Step 47300: loss = 0.10 (0.015 sec)
Step 47400: loss = 0.06 (0.014 sec)
Step 47500: loss = 0.01 (0.076 sec)
Step 47600: loss = 0.07 (0.014 sec)
Step 47700: loss = 0.18 (0.014 sec)
Step 47800: loss = 0.14 (0.014 sec)
Step 47900: loss = 0.08 (0.014 sec)
training Data Eval:
Test Data Eval:
  Num examples: 10000  Num correct: 9771  Precision @ 1: 0.9771
Step 48000: loss = 0.12 (0.075 sec)
Step 48100: loss = 0.11 (0.014 sec)
Step 48200: loss = 0.06 (0.014 sec)
Step 48300: loss = 0.93 (0.015 sec)
Step 48400: loss = 0.03 (0.015 sec)
Step 48500: loss = 0.13 (0.077 sec)
Step 48600: loss = 1.38 (0.015 sec)
Step 48700: loss = 0.98 (0.014 sec)
Step 48800: loss = 0.03 (0.013 sec)
Step 48900: loss = 0.10 (0.014 sec)
training Data Eval:
Test Data Eval:
  Num examples: 10000  Num correct: 9794  Precision @ 1: 0.9794
Step 49000: loss = 0.07 (0.076 sec)
Step 49100: loss = 0.19 (0.014 sec)
Step 49200: loss = 0.04 (0.015 sec)
Step 49300: loss = 0.02 (0.014 sec)
Step 49400: loss = 0.16 (0.014 sec)
Step 49500: loss = 0.06 (0.068 sec)
Step 49600: loss = 0.49 (0.015 sec)
Step 49700: loss = 0.04 (0.014 sec)
Step 49800: loss = 0.11 (0.014 sec)
Step 49900: loss = 0.23 (0.015 sec)
training Data Eval:
Test Data Eval:
  Num examples: 10000  Num correct: 9793  Precision @ 1: 0.9793
Step 50000: loss = 0.26 (0.077 sec)
Step 50100: loss = 0.41 (0.014 sec)
Step 50200: loss = 0.22 (0.014 sec)
Step 50300: loss = 0.10 (0.015 sec)
Step 50400: loss = 0.42 (0.013 sec)
Step 50500: loss = 0.04 (0.077 sec)
Step 50600: loss = 0.04 (0.014 sec)
Step 50700: loss = 0.12 (0.014 sec)
Step 50800: loss = 0.39 (0.014 sec)
Step 50900: loss = 0.01 (0.015 sec)
training Data Eval:
Test Data Eval:
  Num examples: 10000  Num correct: 9782  Precision @ 1: 0.9782
Step 51000: loss = 0.03 (0.076 sec)
Step 51100: loss = 0.05 (0.013 sec)
Step 51200: loss = 0.21 (0.014 sec)
Step 51300: loss = 0.11 (0.015 sec)
Step 51400: loss = 0.11 (0.014 sec)
Step 51500: loss = 0.16 (0.076 sec)
Step 51600: loss = 0.02 (0.014 sec)
Step 51700: loss = 0.14 (0.015 sec)
Step 51800: loss = 0.12 (0.014 sec)
Step 51900: loss = 0.29 (0.015 sec)
training Data Eval:
Test Data Eval:
  Num examples: 10000  Num correct: 9787  Precision @ 1: 0.9787
Step 52000: loss = 0.07 (0.075 sec)
Step 52100: loss = 0.14 (0.015 sec)
Step 52200: loss = 0.13 (0.014 sec)
Step 52300: loss = 0.22 (0.015 sec)
Step 52400: loss = 0.06 (0.014 sec)
Step 52500: loss = 0.01 (0.076 sec)
Step 52600: loss = 0.11 (0.015 sec)
Step 52700: loss = 0.02 (0.015 sec)
Step 52800: loss = 0.02 (0.014 sec)
Step 52900: loss = 0.11 (0.014 sec)
training Data Eval:
Test Data Eval:
  Num examples: 10000  Num correct: 9786  Precision @ 1: 0.9786
Step 53000: loss = 0.07 (0.072 sec)
Step 53100: loss = 0.25 (0.014 sec)
Step 53200: loss = 0.08 (0.014 sec)
Step 53300: loss = 0.09 (0.016 sec)
Step 53400: loss = 0.04 (0.015 sec)
Step 53500: loss = 0.06 (0.075 sec)
Step 53600: loss = 0.09 (0.015 sec)
Step 53700: loss = 0.03 (0.015 sec)
Step 53800: loss = 0.10 (0.013 sec)
Step 53900: loss = 0.07 (0.014 sec)
training Data Eval:
Test Data Eval:
  Num examples: 10000  Num correct: 9812  Precision @ 1: 0.9812
Step 54000: loss = 0.24 (0.077 sec)
Step 54100: loss = 0.15 (0.014 sec)
Step 54200: loss = 0.05 (0.014 sec)
Step 54300: loss = 0.13 (0.015 sec)
Step 54400: loss = 0.39 (0.015 sec)
Step 54500: loss = 0.15 (0.076 sec)
Step 54600: loss = 0.43 (0.014 sec)
Step 54700: loss = 0.19 (0.014 sec)
Step 54800: loss = 0.03 (0.015 sec)
Step 54900: loss = 0.12 (0.015 sec)
training Data Eval:
Test Data Eval:
  Num examples: 10000  Num correct: 9789  Precision @ 1: 0.9789
Step 55000: loss = 0.40 (0.075 sec)
Step 55100: loss = 0.04 (0.014 sec)
Step 55200: loss = 0.80 (0.014 sec)
Step 55300: loss = 0.31 (0.013 sec)
Step 55400: loss = 0.39 (0.014 sec)
Step 55500: loss = 0.00 (0.075 sec)
Step 55600: loss = 0.02 (0.014 sec)
Step 55700: loss = 0.41 (0.014 sec)
Step 55800: loss = 0.37 (0.014 sec)
Step 55900: loss = 0.19 (0.014 sec)
training Data Eval:
Test Data Eval:
  Num examples: 10000  Num correct: 9787  Precision @ 1: 0.9787
Step 56000: loss = 0.41 (0.076 sec)
Step 56100: loss = 0.04 (0.014 sec)
Step 56200: loss = 0.04 (0.015 sec)
Step 56300: loss = 0.07 (0.014 sec)
Step 56400: loss = 0.27 (0.014 sec)
Step 56500: loss = 0.11 (0.074 sec)
Step 56600: loss = 0.02 (0.015 sec)
Step 56700: loss = 0.07 (0.014 sec)
Step 56800: loss = 0.53 (0.014 sec)
Step 56900: loss = 1.37 (0.014 sec)
training Data Eval:
Test Data Eval:
  Num examples: 10000  Num correct: 9814  Precision @ 1: 0.9814
Step 57000: loss = 0.22 (0.076 sec)
Step 57100: loss = 0.10 (0.015 sec)
Step 57200: loss = 0.02 (0.014 sec)
Step 57300: loss = 0.20 (0.014 sec)
Step 57400: loss = 0.07 (0.014 sec)
Step 57500: loss = 0.16 (0.075 sec)
Step 57600: loss = 0.01 (0.015 sec)
Step 57700: loss = 0.11 (0.015 sec)
Step 57800: loss = 0.06 (0.015 sec)
Step 57900: loss = 0.06 (0.015 sec)
training Data Eval:
Test Data Eval:
  Num examples: 10000  Num correct: 9801  Precision @ 1: 0.9801
Step 58000: loss = 0.08 (0.076 sec)
Step 58100: loss = 0.09 (0.014 sec)
Step 58200: loss = 0.02 (0.014 sec)
Step 58300: loss = 0.01 (0.014 sec)
Step 58400: loss = 0.16 (0.014 sec)
Step 58500: loss = 0.15 (0.078 sec)
Step 58600: loss = 0.06 (0.014 sec)
Step 58700: loss = 0.00 (0.015 sec)
Step 58800: loss = 0.05 (0.014 sec)
Step 58900: loss = 0.08 (0.014 sec)
training Data Eval:
Test Data Eval:
  Num examples: 10000  Num correct: 9787  Precision @ 1: 0.9787
Step 59000: loss = 0.07 (0.076 sec)
Step 59100: loss = 0.02 (0.014 sec)
Step 59200: loss = 0.10 (0.014 sec)
Step 59300: loss = 0.07 (0.015 sec)
Step 59400: loss = 0.47 (0.014 sec)
Step 59500: loss = 0.09 (0.075 sec)
Step 59600: loss = 0.02 (0.014 sec)
Step 59700: loss = 0.08 (0.015 sec)
Step 59800: loss = 0.32 (0.015 sec)
Step 59900: loss = 0.04 (0.015 sec)
training Data Eval:
Test Data Eval:
  Num examples: 10000  Num correct: 9797  Precision @ 1: 0.9797
Step 60000: loss = 1.05 (0.076 sec)
Step 60100: loss = 0.03 (0.014 sec)
Step 60200: loss = 0.07 (0.015 sec)
Step 60300: loss = 0.00 (0.015 sec)
Step 60400: loss = 0.07 (0.015 sec)
Step 60500: loss = 0.28 (0.077 sec)
Step 60600: loss = 0.04 (0.015 sec)
Step 60700: loss = 0.53 (0.014 sec)
Step 60800: loss = 0.03 (0.014 sec)
Step 60900: loss = 0.55 (0.014 sec)
training Data Eval:
Test Data Eval:
  Num examples: 10000  Num correct: 9802  Precision @ 1: 0.9802
Step 61000: loss = 0.12 (0.076 sec)
Step 61100: loss = 0.08 (0.015 sec)
Step 61200: loss = 0.11 (0.014 sec)
Step 61300: loss = 0.45 (0.014 sec)
Step 61400: loss = 0.07 (0.013 sec)
Step 61500: loss = 0.27 (0.075 sec)
Step 61600: loss = 0.06 (0.015 sec)
Step 61700: loss = 0.18 (0.014 sec)
Step 61800: loss = 0.02 (0.015 sec)
Step 61900: loss = 0.87 (0.014 sec)
training Data Eval:
Test Data Eval:
  Num examples: 10000  Num correct: 9806  Precision @ 1: 0.9806
Step 62000: loss = 0.15 (0.076 sec)
Step 62100: loss = 0.04 (0.015 sec)
Step 62200: loss = 0.05 (0.014 sec)
Step 62300: loss = 0.07 (0.014 sec)
Step 62400: loss = 0.47 (0.015 sec)
Step 62500: loss = 0.35 (0.075 sec)
Step 62600: loss = 0.08 (0.015 sec)
Step 62700: loss = 0.25 (0.014 sec)
Step 62800: loss = 0.67 (0.015 sec)
Step 62900: loss = 0.00 (0.015 sec)
training Data Eval:
Test Data Eval:
  Num examples: 10000  Num correct: 9779  Precision @ 1: 0.9779
Step 63000: loss = 0.04 (0.076 sec)
Step 63100: loss = 0.02 (0.013 sec)
Step 63200: loss = 0.26 (0.015 sec)
Step 63300: loss = 0.45 (0.015 sec)
Step 63400: loss = 0.02 (0.015 sec)
Step 63500: loss = 0.19 (0.074 sec)
Step 63600: loss = 0.29 (0.015 sec)
Step 63700: loss = 0.02 (0.014 sec)
Step 63800: loss = 0.28 (0.013 sec)
Step 63900: loss = 0.01 (0.015 sec)
training Data Eval:
Test Data Eval:
  Num examples: 10000  Num correct: 9787  Precision @ 1: 0.9787
Step 64000: loss = 0.00 (0.076 sec)
Step 64100: loss = 0.15 (0.015 sec)
Step 64200: loss = 0.10 (0.015 sec)
Step 64300: loss = 0.06 (0.014 sec)
Step 64400: loss = 0.05 (0.014 sec)
Step 64500: loss = 0.01 (0.076 sec)
Step 64600: loss = 1.67 (0.014 sec)
Step 64700: loss = 0.28 (0.014 sec)
Step 64800: loss = 0.16 (0.015 sec)
Step 64900: loss = 0.33 (0.015 sec)
training Data Eval:
Test Data Eval:
  Num examples: 10000  Num correct: 9776  Precision @ 1: 0.9776
Step 65000: loss = 1.01 (0.076 sec)
Step 65100: loss = 0.06 (0.014 sec)
Step 65200: loss = 0.07 (0.014 sec)
Step 65300: loss = 0.06 (0.014 sec)
Step 65400: loss = 0.05 (0.013 sec)
Step 65500: loss = 0.17 (0.075 sec)
Step 65600: loss = 0.05 (0.015 sec)
Step 65700: loss = 0.17 (0.014 sec)
Step 65800: loss = 0.21 (0.015 sec)
Step 65900: loss = 0.04 (0.014 sec)
training Data Eval:
Test Data Eval:
  Num examples: 10000  Num correct: 9782  Precision @ 1: 0.9782
Step 66000: loss = 0.20 (0.076 sec)
Step 66100: loss = 0.00 (0.014 sec)
Step 66200: loss = 0.04 (0.014 sec)
Step 66300: loss = 0.14 (0.015 sec)
Step 66400: loss = 0.15 (0.014 sec)
Step 66500: loss = 0.06 (0.076 sec)
Step 66600: loss = 0.07 (0.014 sec)
Step 66700: loss = 0.31 (0.015 sec)
Step 66800: loss = 0.07 (0.014 sec)
Step 66900: loss = 0.04 (0.014 sec)
training Data Eval:
Test Data Eval:
  Num examples: 10000  Num correct: 9795  Precision @ 1: 0.9795
Step 67000: loss = 0.01 (0.075 sec)
Step 67100: loss = 0.11 (0.015 sec)
Step 67200: loss = 0.14 (0.014 sec)
Step 67300: loss = 0.03 (0.014 sec)
Step 67400: loss = 0.04 (0.014 sec)
Step 67500: loss = 0.19 (0.074 sec)
Step 67600: loss = 0.07 (0.015 sec)
Step 67700: loss = 0.06 (0.014 sec)
Step 67800: loss = 0.23 (0.014 sec)
Step 67900: loss = 0.02 (0.013 sec)
training Data Eval:
Test Data Eval:
  Num examples: 10000  Num correct: 9791  Precision @ 1: 0.9791
Step 68000: loss = 0.01 (0.076 sec)
Step 68100: loss = 0.18 (0.015 sec)
Step 68200: loss = 0.13 (0.015 sec)
Step 68300: loss = 0.03 (0.014 sec)
Step 68400: loss = 0.05 (0.014 sec)
Step 68500: loss = 0.06 (0.070 sec)
Step 68600: loss = 0.22 (0.015 sec)
Step 68700: loss = 0.01 (0.014 sec)
Step 68800: loss = 0.01 (0.014 sec)
Step 68900: loss = 0.01 (0.015 sec)
training Data Eval:
Test Data Eval:
  Num examples: 10000  Num correct: 9795  Precision @ 1: 0.9795
Step 69000: loss = 0.12 (0.076 sec)
Step 69100: loss = 0.04 (0.015 sec)
Step 69200: loss = 0.28 (0.014 sec)
Step 69300: loss = 0.12 (0.014 sec)
Step 69400: loss = 0.02 (0.014 sec)
Step 69500: loss = 0.13 (0.075 sec)
Step 69600: loss = 0.43 (0.014 sec)
Step 69700: loss = 0.27 (0.014 sec)
Step 69800: loss = 0.01 (0.015 sec)
Step 69900: loss = 0.02 (0.014 sec)
training Data Eval:
Test Data Eval:
  Num examples: 10000  Num correct: 9791  Precision @ 1: 0.9791
Step 70000: loss = 0.35 (0.076 sec)
Step 70100: loss = 0.19 (0.014 sec)
Step 70200: loss = 0.15 (0.015 sec)
Step 70300: loss = 0.11 (0.014 sec)
Step 70400: loss = 0.00 (0.015 sec)
Step 70500: loss = 0.00 (0.076 sec)
Step 70600: loss = 0.16 (0.014 sec)
Step 70700: loss = 0.47 (0.015 sec)
Step 70800: loss = 0.02 (0.015 sec)
Step 70900: loss = 0.04 (0.014 sec)
training Data Eval:
Test Data Eval:
  Num examples: 10000  Num correct: 9801  Precision @ 1: 0.9801
Step 71000: loss = 0.27 (0.075 sec)
Step 71100: loss = 0.37 (0.014 sec)
Step 71200: loss = 0.05 (0.014 sec)
Step 71300: loss = 0.14 (0.014 sec)
Step 71400: loss = 0.15 (0.014 sec)
Step 71500: loss = 0.05 (0.075 sec)
Step 71600: loss = 0.23 (0.015 sec)
Step 71700: loss = 0.13 (0.014 sec)
Step 71800: loss = 0.03 (0.015 sec)
Step 71900: loss = 0.29 (0.014 sec)
training Data Eval:
Test Data Eval:
  Num examples: 10000  Num correct: 9783  Precision @ 1: 0.9783
Step 72000: loss = 0.39 (0.076 sec)
Step 72100: loss = 0.10 (0.015 sec)
Step 72200: loss = 0.56 (0.015 sec)
Step 72300: loss = 0.02 (0.014 sec)
Step 72400: loss = 0.06 (0.014 sec)
Step 72500: loss = 0.18 (0.075 sec)
Step 72600: loss = 1.26 (0.014 sec)
Step 72700: loss = 0.04 (0.015 sec)
Step 72800: loss = 0.03 (0.015 sec)
Step 72900: loss = 0.63 (0.014 sec)
training Data Eval:
Test Data Eval:
  Num examples: 10000  Num correct: 9797  Precision @ 1: 0.9797
Step 73000: loss = 0.09 (0.076 sec)
Step 73100: loss = 0.04 (0.014 sec)
Step 73200: loss = 0.40 (0.013 sec)
Step 73300: loss = 0.17 (0.014 sec)
Step 73400: loss = 0.09 (0.013 sec)
Step 73500: loss = 2.63 (0.075 sec)
Step 73600: loss = 0.28 (0.014 sec)
Step 73700: loss = 0.06 (0.015 sec)
Step 73800: loss = 0.33 (0.014 sec)
Step 73900: loss = 0.04 (0.014 sec)
training Data Eval:
Test Data Eval:
  Num examples: 10000  Num correct: 9799  Precision @ 1: 0.9799
Step 74000: loss = 0.36 (0.075 sec)
Step 74100: loss = 0.03 (0.014 sec)
Step 74200: loss = 0.77 (0.014 sec)
Step 74300: loss = 0.09 (0.014 sec)
Step 74400: loss = 0.05 (0.014 sec)
Step 74500: loss = 0.09 (0.076 sec)
Step 74600: loss = 0.39 (0.014 sec)
Step 74700: loss = 0.01 (0.014 sec)
Step 74800: loss = 0.02 (0.014 sec)
Step 74900: loss = 0.02 (0.014 sec)
training Data Eval:
Test Data Eval:
  Num examples: 10000  Num correct: 9793  Precision @ 1: 0.9793
Step 75000: loss = 0.06 (0.075 sec)
Step 75100: loss = 0.06 (0.014 sec)
Step 75200: loss = 0.03 (0.014 sec)
Step 75300: loss = 2.61 (0.014 sec)
Step 75400: loss = 0.06 (0.014 sec)
Step 75500: loss = 0.45 (0.072 sec)
Step 75600: loss = 0.24 (0.015 sec)
Step 75700: loss = 0.02 (0.015 sec)
Step 75800: loss = 0.05 (0.013 sec)
Step 75900: loss = 0.16 (0.014 sec)
training Data Eval:
Test Data Eval:
  Num examples: 10000  Num correct: 9777  Precision @ 1: 0.9777
Step 76000: loss = 0.57 (0.076 sec)
Step 76100: loss = 0.03 (0.013 sec)
Step 76200: loss = 0.49 (0.014 sec)
Step 76300: loss = 0.03 (0.014 sec)
Step 76400: loss = 1.75 (0.014 sec)
Step 76500: loss = 0.03 (0.076 sec)
Step 76600: loss = 0.71 (0.014 sec)
Step 76700: loss = 0.01 (0.015 sec)
Step 76800: loss = 0.09 (0.014 sec)
Step 76900: loss = 0.07 (0.014 sec)
training Data Eval:
Test Data Eval:
  Num examples: 10000  Num correct: 9798  Precision @ 1: 0.9798
Step 77000: loss = 0.24 (0.075 sec)
Step 77100: loss = 0.12 (0.014 sec)
Step 77200: loss = 0.03 (0.014 sec)
Step 77300: loss = 0.02 (0.014 sec)
Step 77400: loss = 0.16 (0.015 sec)
Step 77500: loss = 0.06 (0.076 sec)
Step 77600: loss = 0.50 (0.015 sec)
Step 77700: loss = 0.40 (0.014 sec)
Step 77800: loss = 0.38 (0.014 sec)
Step 77900: loss = 0.07 (0.015 sec)
training Data Eval:
Test Data Eval:
  Num examples: 10000  Num correct: 9798  Precision @ 1: 0.9798
Step 78000: loss = 0.07 (0.075 sec)
Step 78100: loss = 0.05 (0.015 sec)
Step 78200: loss = 0.08 (0.014 sec)
Step 78300: loss = 0.06 (0.014 sec)
Step 78400: loss = 0.03 (0.014 sec)
Step 78500: loss = 0.40 (0.073 sec)
Step 78600: loss = 0.04 (0.014 sec)
Step 78700: loss = 0.14 (0.014 sec)
Step 78800: loss = 0.12 (0.015 sec)
Step 78900: loss = 0.05 (0.014 sec)
training Data Eval:
Test Data Eval:
  Num examples: 10000  Num correct: 9773  Precision @ 1: 0.9773
Step 79000: loss = 0.00 (0.075 sec)
Step 79100: loss = 0.01 (0.015 sec)
Step 79200: loss = 0.15 (0.014 sec)
Step 79300: loss = 0.06 (0.014 sec)
Step 79400: loss = 0.03 (0.014 sec)
Step 79500: loss = 2.05 (0.076 sec)
Step 79600: loss = 0.25 (0.014 sec)
Step 79700: loss = 0.05 (0.015 sec)
Step 79800: loss = 0.01 (0.013 sec)
Step 79900: loss = 0.03 (0.015 sec)
training Data Eval:
Test Data Eval:
  Num examples: 10000  Num correct: 9792  Precision @ 1: 0.9792
Step 80000: loss = 0.76 (0.077 sec)
Step 80100: loss = 0.03 (0.014 sec)
Step 80200: loss = 0.18 (0.014 sec)
Step 80300: loss = 0.12 (0.014 sec)
Step 80400: loss = 0.42 (0.015 sec)
Step 80500: loss = 0.03 (0.076 sec)
Step 80600: loss = 0.18 (0.015 sec)
Step 80700: loss = 0.06 (0.013 sec)
Step 80800: loss = 0.65 (0.014 sec)
Step 80900: loss = 0.18 (0.014 sec)
training Data Eval:
Test Data Eval:
  Num examples: 10000  Num correct: 9808  Precision @ 1: 0.9808
Step 81000: loss = 0.16 (0.071 sec)
Step 81100: loss = 0.11 (0.014 sec)
Step 81200: loss = 0.05 (0.014 sec)
Step 81300: loss = 0.13 (0.014 sec)
Step 81400: loss = 0.26 (0.014 sec)
Step 81500: loss = 0.49 (0.075 sec)
Step 81600: loss = 0.02 (0.014 sec)
Step 81700: loss = 0.13 (0.014 sec)
Step 81800: loss = 0.06 (0.014 sec)
Step 81900: loss = 0.00 (0.015 sec)
training Data Eval:
Test Data Eval:
  Num examples: 10000  Num correct: 9785  Precision @ 1: 0.9785
Step 82000: loss = 0.08 (0.077 sec)
Step 82100: loss = 1.31 (0.014 sec)
Step 82200: loss = 0.33 (0.015 sec)
Step 82300: loss = 0.04 (0.014 sec)
Step 82400: loss = 0.19 (0.014 sec)
Step 82500: loss = 0.08 (0.076 sec)
Step 82600: loss = 0.02 (0.014 sec)
Step 82700: loss = 0.49 (0.014 sec)
Step 82800: loss = 0.23 (0.014 sec)
Step 82900: loss = 0.02 (0.014 sec)
training Data Eval:
Test Data Eval:
  Num examples: 10000  Num correct: 9796  Precision @ 1: 0.9796
Step 83000: loss = 0.04 (0.074 sec)
Step 83100: loss = 0.02 (0.015 sec)
Step 83200: loss = 0.29 (0.014 sec)
Step 83300: loss = 0.10 (0.015 sec)
Step 83400: loss = 0.03 (0.014 sec)
Step 83500: loss = 0.29 (0.075 sec)
Step 83600: loss = 0.22 (0.014 sec)
Step 83700: loss = 0.61 (0.014 sec)
Step 83800: loss = 0.00 (0.014 sec)
Step 83900: loss = 0.01 (0.014 sec)
training Data Eval:
Test Data Eval:
  Num examples: 10000  Num correct: 9798  Precision @ 1: 0.9798
Step 84000: loss = 0.93 (0.077 sec)
Step 84100: loss = 0.02 (0.015 sec)
Step 84200: loss = 0.25 (0.014 sec)
Step 84300: loss = 0.28 (0.015 sec)
Step 84400: loss = 0.15 (0.014 sec)
Step 84500: loss = 0.00 (0.076 sec)
Step 84600: loss = 0.10 (0.014 sec)
Step 84700: loss = 0.01 (0.014 sec)
Step 84800: loss = 0.09 (0.015 sec)
Step 84900: loss = 0.03 (0.014 sec)
training Data Eval:
Test Data Eval:
  Num examples: 10000  Num correct: 9791  Precision @ 1: 0.9791
Step 85000: loss = 0.59 (0.075 sec)
Step 85100: loss = 0.16 (0.013 sec)
Step 85200: loss = 0.08 (0.014 sec)
Step 85300: loss = 0.00 (0.014 sec)
Step 85400: loss = 0.15 (0.014 sec)
Step 85500: loss = 0.02 (0.075 sec)
Step 85600: loss = 0.06 (0.014 sec)
Step 85700: loss = 0.03 (0.014 sec)
Step 85800: loss = 0.89 (0.014 sec)
Step 85900: loss = 0.46 (0.014 sec)
training Data Eval:
Test Data Eval:
  Num examples: 10000  Num correct: 9783  Precision @ 1: 0.9783
Step 86000: loss = 0.12 (0.077 sec)
Step 86100: loss = 0.54 (0.014 sec)
Step 86200: loss = 0.03 (0.014 sec)
Step 86300: loss = 0.13 (0.015 sec)
Step 86400: loss = 0.06 (0.014 sec)
Step 86500: loss = 0.14 (0.074 sec)
Step 86600: loss = 0.28 (0.014 sec)
Step 86700: loss = 0.04 (0.013 sec)
Step 86800: loss = 0.08 (0.015 sec)
Step 86900: loss = 0.01 (0.014 sec)
training Data Eval:
Test Data Eval:
  Num examples: 10000  Num correct: 9805  Precision @ 1: 0.9805
Step 87000: loss = 0.07 (0.075 sec)
Step 87100: loss = 0.11 (0.015 sec)
Step 87200: loss = 0.26 (0.013 sec)
Step 87300: loss = 0.13 (0.015 sec)
Step 87400: loss = 0.10 (0.014 sec)
Step 87500: loss = 0.11 (0.074 sec)
Step 87600: loss = 0.16 (0.014 sec)
Step 87700: loss = 0.09 (0.015 sec)
Step 87800: loss = 0.03 (0.013 sec)
Step 87900: loss = 0.85 (0.015 sec)
training Data Eval:
Test Data Eval:
  Num examples: 10000  Num correct: 9787  Precision @ 1: 0.9787
Step 88000: loss = 0.07 (0.076 sec)
Step 88100: loss = 0.10 (0.014 sec)
Step 88200: loss = 0.15 (0.014 sec)
Step 88300: loss = 0.06 (0.014 sec)
Step 88400: loss = 0.09 (0.014 sec)
Step 88500: loss = 0.02 (0.076 sec)
Step 88600: loss = 0.08 (0.015 sec)
Step 88700: loss = 0.04 (0.015 sec)
Step 88800: loss = 0.09 (0.014 sec)
Step 88900: loss = 0.04 (0.014 sec)
training Data Eval:
Test Data Eval:
  Num examples: 10000  Num correct: 9804  Precision @ 1: 0.9804
Step 89000: loss = 0.05 (0.077 sec)
Step 89100: loss = 0.07 (0.014 sec)
Step 89200: loss = 0.02 (0.013 sec)
Step 89300: loss = 0.27 (0.014 sec)
Step 89400: loss = 0.00 (0.014 sec)
Step 89500: loss = 0.05 (0.075 sec)
Step 89600: loss = 0.02 (0.014 sec)
Step 89700: loss = 0.02 (0.014 sec)
Step 89800: loss = 0.08 (0.015 sec)
Step 89900: loss = 0.05 (0.013 sec)
training Data Eval:
Test Data Eval:
  Num examples: 10000  Num correct: 9798  Precision @ 1: 0.9798
Step 90000: loss = 0.09 (0.076 sec)
Step 90100: loss = 0.03 (0.013 sec)
Step 90200: loss = 0.08 (0.013 sec)
Step 90300: loss = 0.00 (0.014 sec)
Step 90400: loss = 0.04 (0.015 sec)
Step 90500: loss = 0.04 (0.076 sec)
Step 90600: loss = 0.08 (0.014 sec)
Step 90700: loss = 0.04 (0.015 sec)
Step 90800: loss = 0.16 (0.015 sec)
Step 90900: loss = 0.18 (0.013 sec)
training Data Eval:
Test Data Eval:
  Num examples: 10000  Num correct: 9798  Precision @ 1: 0.9798
Step 91000: loss = 0.22 (0.077 sec)
Step 91100: loss = 0.02 (0.014 sec)
Step 91200: loss = 0.18 (0.014 sec)
Step 91300: loss = 0.09 (0.014 sec)
Step 91400: loss = 0.09 (0.013 sec)
Step 91500: loss = 0.01 (0.075 sec)
Step 91600: loss = 0.07 (0.015 sec)
Step 91700: loss = 0.06 (0.014 sec)
Step 91800: loss = 0.18 (0.014 sec)
Step 91900: loss = 0.11 (0.014 sec)
training Data Eval:
Test Data Eval:
  Num examples: 10000  Num correct: 9808  Precision @ 1: 0.9808
Step 92000: loss = 0.02 (0.075 sec)
Step 92100: loss = 0.17 (0.015 sec)
Step 92200: loss = 0.07 (0.015 sec)
Step 92300: loss = 0.02 (0.015 sec)
Step 92400: loss = 0.42 (0.014 sec)
Step 92500: loss = 0.44 (0.075 sec)
Step 92600: loss = 0.00 (0.014 sec)
Step 92700: loss = 0.03 (0.015 sec)
Step 92800: loss = 0.04 (0.014 sec)
Step 92900: loss = 0.20 (0.013 sec)
training Data Eval:
Test Data Eval:
  Num examples: 10000  Num correct: 9789  Precision @ 1: 0.9789
Step 93000: loss = 0.01 (0.073 sec)
Step 93100: loss = 0.01 (0.014 sec)
Step 93200: loss = 0.17 (0.014 sec)
Step 93300: loss = 0.35 (0.013 sec)
Step 93400: loss = 0.02 (0.014 sec)
Step 93500: loss = 0.39 (0.069 sec)
Step 93600: loss = 0.05 (0.014 sec)
Step 93700: loss = 0.07 (0.014 sec)
Step 93800: loss = 0.11 (0.015 sec)
Step 93900: loss = 0.02 (0.015 sec)
training Data Eval:
Test Data Eval:
  Num examples: 10000  Num correct: 9800  Precision @ 1: 0.9800
Step 94000: loss = 0.23 (0.077 sec)
Step 94100: loss = 0.00 (0.014 sec)
Step 94200: loss = 0.01 (0.014 sec)
Step 94300: loss = 0.86 (0.014 sec)
Step 94400: loss = 0.09 (0.015 sec)
Step 94500: loss = 0.21 (0.077 sec)
Step 94600: loss = 0.58 (0.014 sec)
Step 94700: loss = 0.36 (0.015 sec)
Step 94800: loss = 0.06 (0.014 sec)
Step 94900: loss = 0.12 (0.014 sec)
training Data Eval:
Test Data Eval:
  Num examples: 10000  Num correct: 9793  Precision @ 1: 0.9793
Step 95000: loss = 0.13 (0.076 sec)
Step 95100: loss = 0.00 (0.015 sec)
Step 95200: loss = 0.07 (0.015 sec)
Step 95300: loss = 0.01 (0.014 sec)
Step 95400: loss = 0.00 (0.015 sec)
Step 95500: loss = 0.12 (0.077 sec)
Step 95600: loss = 0.23 (0.014 sec)
Step 95700: loss = 0.02 (0.015 sec)
Step 95800: loss = 0.04 (0.014 sec)
Step 95900: loss = 0.29 (0.015 sec)
training Data Eval:
Test Data Eval:
  Num examples: 10000  Num correct: 9785  Precision @ 1: 0.9785
Step 96000: loss = 0.09 (0.075 sec)
Step 96100: loss = 0.36 (0.014 sec)
Step 96200: loss = 0.14 (0.014 sec)
Step 96300: loss = 0.04 (0.014 sec)
Step 96400: loss = 0.13 (0.015 sec)
Step 96500: loss = 0.14 (0.076 sec)
Step 96600: loss = 0.32 (0.015 sec)
Step 96700: loss = 0.67 (0.014 sec)
Step 96800: loss = 0.02 (0.013 sec)
Step 96900: loss = 0.11 (0.015 sec)
training Data Eval:
Test Data Eval:
  Num examples: 10000  Num correct: 9790  Precision @ 1: 0.9790
Step 97000: loss = 0.01 (0.077 sec)
Step 97100: loss = 0.30 (0.013 sec)
Step 97200: loss = 0.22 (0.014 sec)
Step 97300: loss = 0.02 (0.014 sec)
Step 97400: loss = 0.01 (0.014 sec)
Step 97500: loss = 0.02 (0.075 sec)
Step 97600: loss = 0.66 (0.014 sec)
Step 97700: loss = 0.16 (0.014 sec)
Step 97800: loss = 0.36 (0.015 sec)
Step 97900: loss = 0.62 (0.015 sec)
training Data EvalGot result 0.0216
Completed successfully in 1513.75 seconds. [{u'main': 0.021599999999999953}]
:
Test Data Eval:
  Num examples: 10000  Num correct: 9802  Precision @ 1: 0.9802
Step 98000: loss = 0.12 (0.075 sec)
Step 98100: loss = 0.35 (0.014 sec)
Step 98200: loss = 0.13 (0.014 sec)
Step 98300: loss = 0.02 (0.015 sec)
Step 98400: loss = 0.11 (0.014 sec)
Step 98500: loss = 0.52 (0.077 sec)
Step 98600: loss = 0.15 (0.015 sec)
Step 98700: loss = 0.05 (0.014 sec)
Step 98800: loss = 0.03 (0.015 sec)
Step 98900: loss = 0.00 (0.014 sec)
training Data Eval:
Test Data Eval:
  Num examples: 10000  Num correct: 9801  Precision @ 1: 0.9801
Step 99000: loss = 0.37 (0.071 sec)
Step 99100: loss = 0.03 (0.013 sec)
Step 99200: loss = 0.11 (0.014 sec)
Step 99300: loss = 0.03 (0.013 sec)
Step 99400: loss = 0.11 (0.013 sec)
Step 99500: loss = 0.02 (0.075 sec)
Step 99600: loss = 0.01 (0.015 sec)
Step 99700: loss = 0.02 (0.014 sec)
Step 99800: loss = 0.36 (0.015 sec)
Step 99900: loss = 0.07 (0.013 sec)
training Data Eval:
Test Data Eval:
  Num examples: 10000  Num correct: 9784  Precision @ 1: 0.9784
